[debug] [2024-01-04T11:01:14.570Z] ----------------------------------------------------------------------
[debug] [2024-01-04T11:01:14.575Z] Command:       C:\Program Files\nodejs\node.exe C:\Users\pritu\AppData\Roaming\npm\node_modules\firebase-tools\lib\bin\firebase.js init
[debug] [2024-01-04T11:01:14.576Z] CLI Version:   13.0.2
[debug] [2024-01-04T11:01:14.576Z] Platform:      win32
[debug] [2024-01-04T11:01:14.576Z] Node Version:  v20.10.0
[debug] [2024-01-04T11:01:14.577Z] Time:          Thu Jan 04 2024 12:01:14 GMT+0100 (Центральная Европа, стандартное время)
[debug] [2024-01-04T11:01:14.577Z] ----------------------------------------------------------------------
[debug] 
[debug] [2024-01-04T11:01:14.587Z] > command requires scopes: ["email","openid","https://www.googleapis.com/auth/cloudplatformprojects.readonly","https://www.googleapis.com/auth/firebase","https://www.googleapis.com/auth/cloud-platform"]
[debug] [2024-01-04T11:01:14.588Z] > authorizing via signed-in user (pritulyukv@gmail.com)
[info] 
     ######## #### ########  ######## ########     ###     ######  ########
     ##        ##  ##     ## ##       ##     ##  ##   ##  ##       ##
     ######    ##  ########  ######   ########  #########  ######  ######
     ##        ##  ##    ##  ##       ##     ## ##     ##       ## ##
     ##       #### ##     ## ######## ########  ##     ##  ######  ########

You're about to initialize a Firebase project in this directory:

  D:\temporary\code\vicktorp.github.io\trainer\server

[info] 
=== Project Setup
[info] 
[info] First, let's associate this project directory with a Firebase project.
[info] You can create multiple project aliases by running firebase use --add, 
[info] but for now we'll just set up a default project.
[info] 
[debug] [2024-01-04T11:02:45.423Z] >>> [apiv2][query] GET https://firebase.googleapis.com/v1beta1/projects pageSize=100
[debug] [2024-01-04T11:02:46.254Z] <<< [apiv2][status] GET https://firebase.googleapis.com/v1beta1/projects 200
[debug] [2024-01-04T11:02:46.254Z] <<< [apiv2][body] GET https://firebase.googleapis.com/v1beta1/projects [omitted]
[info] i  Using project my-test-ea483 (my test) 
[info] 
=== Hosting Setup
[debug] [2024-01-04T11:02:53.147Z] >>> [apiv2][query] GET https://firebase.googleapis.com/v1beta1/projects/my-test-ea483 [none]
[debug] [2024-01-04T11:02:53.614Z] <<< [apiv2][status] GET https://firebase.googleapis.com/v1beta1/projects/my-test-ea483 200
[debug] [2024-01-04T11:02:53.614Z] <<< [apiv2][body] GET https://firebase.googleapis.com/v1beta1/projects/my-test-ea483 {"projectId":"my-test-ea483","projectNumber":"386842710629","displayName":"my test","name":"projects/my-test-ea483","resources":{"hostingSite":"my-test-ea483"},"state":"ACTIVE","etag":"1_127d1997-981e-4a6e-aabe-3bdca43bfc28"}
[info] 
[info] Your public directory is the folder (relative to your project directory) that
[info] will contain Hosting assets to be uploaded with firebase deploy. If you
[info] have a build process for your assets, use your build's output directory.
[info] 
